
2025-11-19 09:59:43 - INFO - Logging is set up.
2025-11-19 09:59:43 - INFO - Logging is set up.
2025-11-19 09:59:43 - INFO - Logging is set up.
2025-11-19 09:59:43 - INFO - Logging is set up.
2025-11-19 09:59:43 - INFO - Bot is running...
2025-11-19 16:20:10 - INFO - Logging is set up.
2025-11-19 16:20:10 - INFO - Bot is running...
2025-11-19 16:20:50 - INFO - Logging is set up.
2025-11-19 16:22:05 - INFO - Bot is running...
2025-11-19 16:22:07 - INFO - Logging is set up.
2025-11-19 16:22:08 - INFO - Bot is running...
2025-11-19 16:22:18 - INFO - Logging is set up.
2025-11-19 16:22:19 - INFO - Bot is running...
2025-11-19 16:23:17 - INFO - Logging is set up.
2025-11-19 16:38:28 - INFO - Bot is running...
2025-11-19 16:38:30 - INFO - Logging is set up.
2025-11-19 16:38:30 - INFO - Bot is running...
2025-11-19 16:38:59 - INFO - Message received from 'usernamefogusername': 'dw';
2025-11-19 16:42:55 - INFO - Logging is set up.
2025-11-19 16:42:55 - INFO - Bot is running...
2025-11-19 16:43:39 - INFO - Message received from 'usernamefogusername': '/help';
2025-11-19 16:43:44 - INFO - Message received from 'usernamefogusername': 'help';
2025-11-19 16:43:55 - INFO - Message received from 'usernamefogusername': 'sosi';
2025-11-19 16:44:00 - INFO - Message received from 'usernamefogusername': '/help';
2025-11-19 16:44:07 - INFO - Message received from 'usernamefogusername': '/help';
2025-11-19 16:44:09 - INFO - Message received from 'usernamefogusername': '/new_board';
